09:21:21.584 [main] INFO  framework.utils.Log - ++++++++++++++++++++++++++++++++++++++++++++++
09:21:21.589 [main] INFO  framework.utils.Log - Start test case : loginTest
09:21:21.590 [main] INFO  framework.utils.Log - Start time : 2024.07.08.09.21.21
09:21:21.590 [main] INFO  framework.utils.Log - ++++++++++++++++++++++++++++++++++++++++++++++
09:21:22.487 [main] INFO  framework.utils.Log - call method <click()> on element [[ChromeDriver: chrome on mac (e8c7b5959be0c99a8835795e78b83e29)] -> link text: My account]
09:21:22.734 [main] INFO  framework.utils.Log - call method <wait for visibility()> on element [[ChromeDriver: chrome on mac (e8c7b5959be0c99a8835795e78b83e29)] -> link text: My account]
09:21:28.705 [main] INFO  framework.utils.Log - method <click()> finished[[ChromeDriver: chrome on mac (e8c7b5959be0c99a8835795e78b83e29)] -> link text: My account]
09:21:28.736 [main] INFO  framework.utils.Log - call method <sendKeys()> on element [[ChromeDriver: chrome on mac (e8c7b5959be0c99a8835795e78b83e29)] -> id: username]
09:21:28.803 [main] INFO  framework.utils.Log - call method <wait for visibility()> on element [[ChromeDriver: chrome on mac (e8c7b5959be0c99a8835795e78b83e29)] -> id: username]
09:21:28.923 [main] INFO  framework.utils.Log - call method <clear()> on element [[ChromeDriver: chrome on mac (e8c7b5959be0c99a8835795e78b83e29)] -> id: username]
09:21:29.819 [main] INFO  framework.utils.Log - method <sendKeys()> finished[[ChromeDriver: chrome on mac (e8c7b5959be0c99a8835795e78b83e29)] -> id: username]
09:21:29.837 [main] INFO  framework.utils.Log - call method <sendKeys()> on element [[ChromeDriver: chrome on mac (e8c7b5959be0c99a8835795e78b83e29)] -> id: password]
09:21:29.867 [main] INFO  framework.utils.Log - call method <wait for visibility()> on element [[ChromeDriver: chrome on mac (e8c7b5959be0c99a8835795e78b83e29)] -> id: password]
09:21:30.033 [main] INFO  framework.utils.Log - call method <clear()> on element [[ChromeDriver: chrome on mac (e8c7b5959be0c99a8835795e78b83e29)] -> id: password]
09:21:30.735 [main] INFO  framework.utils.Log - method <sendKeys()> finished[[ChromeDriver: chrome on mac (e8c7b5959be0c99a8835795e78b83e29)] -> id: password]
09:21:30.755 [main] INFO  framework.utils.Log - call method <click()> on element [[ChromeDriver: chrome on mac (e8c7b5959be0c99a8835795e78b83e29)] -> name: login]
09:21:30.766 [main] INFO  framework.utils.Log - call method <wait for visibility()> on element [[ChromeDriver: chrome on mac (e8c7b5959be0c99a8835795e78b83e29)] -> name: login]
09:21:43.443 [main] INFO  framework.utils.Log - method <click()> finishedProxy element for: DefaultElementLocator 'By.name: login'
09:21:44.608 [main] INFO  framework.utils.Log - call method <click()> on element [[ChromeDriver: chrome on mac (e8c7b5959be0c99a8835795e78b83e29)] -> link text: Log out]
09:21:44.899 [main] INFO  framework.utils.Log - call method <wait for visibility()> on element [[ChromeDriver: chrome on mac (e8c7b5959be0c99a8835795e78b83e29)] -> link text: Log out]
09:22:02.222 [main] INFO  framework.utils.Log - method <click()> finishedProxy element for: DefaultElementLocator 'By.linkText: Log out'
09:22:02.226 [main] INFO  framework.utils.Log - ++++++++++++++++++++++++++++++++++++++++++++++
09:22:02.227 [main] INFO  framework.utils.Log - Passed test case : loginTest
09:22:02.227 [main] INFO  framework.utils.Log - End time : 2024.07.08.09.22.02
09:22:02.228 [main] INFO  framework.utils.Log - ++++++++++++++++++++++++++++++++++++++++++++++
09:22:02.238 [main] INFO  framework.utils.Log - ++++++++++++++++++++++++++++++++++++++++++++++
09:22:02.238 [main] INFO  framework.utils.Log - Start test case : invalidLoginTest
09:22:02.238 [main] INFO  framework.utils.Log - Start time : 2024.07.08.09.22.02
09:22:02.238 [main] INFO  framework.utils.Log - ++++++++++++++++++++++++++++++++++++++++++++++
09:22:02.502 [main] INFO  framework.utils.Log - call method <click()> on element [[ChromeDriver: chrome on mac (e8c7b5959be0c99a8835795e78b83e29)] -> link text: My account]
09:22:02.579 [main] INFO  framework.utils.Log - call method <wait for visibility()> on element [[ChromeDriver: chrome on mac (e8c7b5959be0c99a8835795e78b83e29)] -> link text: My account]
09:22:04.906 [main] INFO  framework.utils.Log - method <click()> finished[[ChromeDriver: chrome on mac (e8c7b5959be0c99a8835795e78b83e29)] -> link text: My account]
09:22:04.983 [main] INFO  framework.utils.Log - call method <sendKeys()> on element [[ChromeDriver: chrome on mac (e8c7b5959be0c99a8835795e78b83e29)] -> id: username]
09:22:04.994 [main] INFO  framework.utils.Log - call method <wait for visibility()> on element [[ChromeDriver: chrome on mac (e8c7b5959be0c99a8835795e78b83e29)] -> id: username]
09:22:05.024 [main] INFO  framework.utils.Log - call method <clear()> on element [[ChromeDriver: chrome on mac (e8c7b5959be0c99a8835795e78b83e29)] -> id: username]
09:22:05.301 [main] INFO  framework.utils.Log - method <sendKeys()> finished[[ChromeDriver: chrome on mac (e8c7b5959be0c99a8835795e78b83e29)] -> id: username]
09:22:05.372 [main] INFO  framework.utils.Log - call method <sendKeys()> on element [[ChromeDriver: chrome on mac (e8c7b5959be0c99a8835795e78b83e29)] -> id: password]
09:22:05.380 [main] INFO  framework.utils.Log - call method <wait for visibility()> on element [[ChromeDriver: chrome on mac (e8c7b5959be0c99a8835795e78b83e29)] -> id: password]
09:22:05.413 [main] INFO  framework.utils.Log - call method <clear()> on element [[ChromeDriver: chrome on mac (e8c7b5959be0c99a8835795e78b83e29)] -> id: password]
09:22:05.501 [main] INFO  framework.utils.Log - method <sendKeys()> finished[[ChromeDriver: chrome on mac (e8c7b5959be0c99a8835795e78b83e29)] -> id: password]
09:22:05.518 [main] INFO  framework.utils.Log - call method <click()> on element [[ChromeDriver: chrome on mac (e8c7b5959be0c99a8835795e78b83e29)] -> name: login]
09:22:05.525 [main] INFO  framework.utils.Log - call method <wait for visibility()> on element [[ChromeDriver: chrome on mac (e8c7b5959be0c99a8835795e78b83e29)] -> name: login]
09:22:08.651 [main] INFO  framework.utils.Log - method <click()> finished[[ChromeDriver: chrome on mac (e8c7b5959be0c99a8835795e78b83e29)] -> name: login]
09:22:18.705 [main] ERROR framework.utils.Log - ++++++++++++++++++++++++++++++++++++++++++++++
09:22:18.706 [main] ERROR framework.utils.Log - Failed test case : invalidLoginTest
09:22:18.706 [main] ERROR framework.utils.Log - Failed time : 2024.07.08.09.22.18
09:22:18.710 [main] ERROR framework.utils.Log - org.openqa.selenium.NoSuchElementException: no such element: Unable to locate element: {"method":"css selector","selector":".woocommerce\-MyAccount\-content"}
  (Session info: chrome=126.0.6478.127)
For documentation on this error, please visit: https://www.selenium.dev/documentation/webdriver/troubleshooting/errors#no-such-element-exception
Build info: version: '4.20.0', revision: '866c76ca80'
System info: os.name: 'Mac OS X', os.arch: 'x86_64', os.version: '14.5', java.version: '17.0.9'
Driver info: org.openqa.selenium.chrome.ChromeDriver
Command: [e8c7b5959be0c99a8835795e78b83e29, findElement {using=class name, value=woocommerce-MyAccount-content}]
Capabilities {acceptInsecureCerts: false, browserName: chrome, browserVersion: 126.0.6478.127, chrome: {chromedriverVersion: 126.0.6478.126 (d36ace6122e..., userDataDir: /var/folders/h7/59gh0f351jn...}, fedcm:accounts: true, goog:chromeOptions: {debuggerAddress: localhost:61455}, networkConnectionEnabled: false, pageLoadStrategy: normal, platformName: mac, proxy: Proxy(), se:cdp: ws://localhost:61455/devtoo..., se:cdpVersion: 126.0.6478.127, setWindowRect: true, strictFileInteractability: false, timeouts: {implicit: 0, pageLoad: 300000, script: 30000}, unhandledPromptBehavior: dismiss and notify, webauthn:extension:credBlob: true, webauthn:extension:largeBlob: true, webauthn:extension:minPinLength: true, webauthn:extension:prf: true, webauthn:virtualAuthenticators: true}
Session ID: e8c7b5959be0c99a8835795e78b83e29
09:22:18.711 [main] ERROR framework.utils.Log - ++++++++++++++++++++++++++++++++++++++++++++++
