09:33:49.149 [main] INFO  framework.utils.Log - ++++++++++++++++++++++++++++++++++++++++++++++
09:33:49.154 [main] INFO  framework.utils.Log - Start test case : loginTest
09:33:49.156 [main] INFO  framework.utils.Log - Start time : 2024.07.08.09.33.49
09:33:49.156 [main] INFO  framework.utils.Log - ++++++++++++++++++++++++++++++++++++++++++++++
09:33:50.097 [main] INFO  framework.utils.Log - call method <click()> on element [[ChromeDriver: chrome on mac (cadf175c8dd542e20e25402f2f1a06c6)] -> link text: My account]
09:33:50.479 [main] INFO  framework.utils.Log - call method <wait for visibility()> on element [[ChromeDriver: chrome on mac (cadf175c8dd542e20e25402f2f1a06c6)] -> link text: My account]
09:33:55.209 [main] INFO  framework.utils.Log - method <click()> finished[[ChromeDriver: chrome on mac (cadf175c8dd542e20e25402f2f1a06c6)] -> link text: My account]
09:33:55.238 [main] INFO  framework.utils.Log - call method <sendKeys()> on element [[ChromeDriver: chrome on mac (cadf175c8dd542e20e25402f2f1a06c6)] -> id: username]
09:33:55.297 [main] INFO  framework.utils.Log - call method <wait for visibility()> on element [[ChromeDriver: chrome on mac (cadf175c8dd542e20e25402f2f1a06c6)] -> id: username]
09:33:55.406 [main] INFO  framework.utils.Log - call method <clear()> on element [[ChromeDriver: chrome on mac (cadf175c8dd542e20e25402f2f1a06c6)] -> id: username]
09:33:56.213 [main] INFO  framework.utils.Log - method <sendKeys()> finished[[ChromeDriver: chrome on mac (cadf175c8dd542e20e25402f2f1a06c6)] -> id: username]
09:33:56.231 [main] INFO  framework.utils.Log - call method <sendKeys()> on element [[ChromeDriver: chrome on mac (cadf175c8dd542e20e25402f2f1a06c6)] -> id: password]
09:33:56.262 [main] INFO  framework.utils.Log - call method <wait for visibility()> on element [[ChromeDriver: chrome on mac (cadf175c8dd542e20e25402f2f1a06c6)] -> id: password]
09:33:56.409 [main] INFO  framework.utils.Log - call method <clear()> on element [[ChromeDriver: chrome on mac (cadf175c8dd542e20e25402f2f1a06c6)] -> id: password]
09:33:57.060 [main] INFO  framework.utils.Log - method <sendKeys()> finished[[ChromeDriver: chrome on mac (cadf175c8dd542e20e25402f2f1a06c6)] -> id: password]
09:33:57.081 [main] INFO  framework.utils.Log - call method <click()> on element [[ChromeDriver: chrome on mac (cadf175c8dd542e20e25402f2f1a06c6)] -> name: login]
09:33:57.092 [main] INFO  framework.utils.Log - call method <wait for visibility()> on element [[ChromeDriver: chrome on mac (cadf175c8dd542e20e25402f2f1a06c6)] -> name: login]
09:34:10.307 [main] INFO  framework.utils.Log - method <click()> finishedProxy element for: DefaultElementLocator 'By.name: login'
09:34:11.463 [main] INFO  framework.utils.Log - call method <click()> on element [[ChromeDriver: chrome on mac (cadf175c8dd542e20e25402f2f1a06c6)] -> link text: Log out]
09:34:11.644 [main] INFO  framework.utils.Log - call method <wait for visibility()> on element [[ChromeDriver: chrome on mac (cadf175c8dd542e20e25402f2f1a06c6)] -> link text: Log out]
09:34:25.161 [main] INFO  framework.utils.Log - method <click()> finishedProxy element for: DefaultElementLocator 'By.linkText: Log out'
09:34:25.164 [main] INFO  framework.utils.Log - ++++++++++++++++++++++++++++++++++++++++++++++
09:34:25.164 [main] INFO  framework.utils.Log - Passed test case : loginTest
09:34:25.165 [main] INFO  framework.utils.Log - End time : 2024.07.08.09.34.25
09:34:25.166 [main] INFO  framework.utils.Log - ++++++++++++++++++++++++++++++++++++++++++++++
09:34:25.180 [main] INFO  framework.utils.Log - ++++++++++++++++++++++++++++++++++++++++++++++
09:34:25.181 [main] INFO  framework.utils.Log - Start test case : invalidLoginTest
09:34:25.182 [main] INFO  framework.utils.Log - Start time : 2024.07.08.09.34.25
09:34:25.182 [main] INFO  framework.utils.Log - ++++++++++++++++++++++++++++++++++++++++++++++
09:34:25.452 [main] INFO  framework.utils.Log - call method <click()> on element [[ChromeDriver: chrome on mac (cadf175c8dd542e20e25402f2f1a06c6)] -> link text: My account]
09:34:25.555 [main] INFO  framework.utils.Log - call method <wait for visibility()> on element [[ChromeDriver: chrome on mac (cadf175c8dd542e20e25402f2f1a06c6)] -> link text: My account]
09:34:28.097 [main] INFO  framework.utils.Log - method <click()> finished[[ChromeDriver: chrome on mac (cadf175c8dd542e20e25402f2f1a06c6)] -> link text: My account]
09:34:28.171 [main] INFO  framework.utils.Log - call method <sendKeys()> on element [[ChromeDriver: chrome on mac (cadf175c8dd542e20e25402f2f1a06c6)] -> id: username]
09:34:28.179 [main] INFO  framework.utils.Log - call method <wait for visibility()> on element [[ChromeDriver: chrome on mac (cadf175c8dd542e20e25402f2f1a06c6)] -> id: username]
09:34:28.204 [main] INFO  framework.utils.Log - call method <clear()> on element [[ChromeDriver: chrome on mac (cadf175c8dd542e20e25402f2f1a06c6)] -> id: username]
09:34:28.433 [main] INFO  framework.utils.Log - method <sendKeys()> finished[[ChromeDriver: chrome on mac (cadf175c8dd542e20e25402f2f1a06c6)] -> id: username]
09:34:28.501 [main] INFO  framework.utils.Log - call method <sendKeys()> on element [[ChromeDriver: chrome on mac (cadf175c8dd542e20e25402f2f1a06c6)] -> id: password]
09:34:28.510 [main] INFO  framework.utils.Log - call method <wait for visibility()> on element [[ChromeDriver: chrome on mac (cadf175c8dd542e20e25402f2f1a06c6)] -> id: password]
09:34:28.534 [main] INFO  framework.utils.Log - call method <clear()> on element [[ChromeDriver: chrome on mac (cadf175c8dd542e20e25402f2f1a06c6)] -> id: password]
09:34:28.646 [main] INFO  framework.utils.Log - method <sendKeys()> finished[[ChromeDriver: chrome on mac (cadf175c8dd542e20e25402f2f1a06c6)] -> id: password]
09:34:28.689 [main] INFO  framework.utils.Log - call method <click()> on element [[ChromeDriver: chrome on mac (cadf175c8dd542e20e25402f2f1a06c6)] -> name: login]
09:34:28.698 [main] INFO  framework.utils.Log - call method <wait for visibility()> on element [[ChromeDriver: chrome on mac (cadf175c8dd542e20e25402f2f1a06c6)] -> name: login]
09:34:32.998 [main] INFO  framework.utils.Log - method <click()> finished[[ChromeDriver: chrome on mac (cadf175c8dd542e20e25402f2f1a06c6)] -> name: login]
09:34:43.012 [main] ERROR framework.utils.Log - ++++++++++++++++++++++++++++++++++++++++++++++
09:34:43.014 [main] ERROR framework.utils.Log - Failed test case : invalidLoginTest
09:34:43.014 [main] ERROR framework.utils.Log - Failed time : 2024.07.08.09.34.43
09:34:43.019 [main] ERROR framework.utils.Log - org.openqa.selenium.NoSuchElementException: no such element: Unable to locate element: {"method":"css selector","selector":".woocommerce\-MyAccount\-content"}
  (Session info: chrome=126.0.6478.127)
For documentation on this error, please visit: https://www.selenium.dev/documentation/webdriver/troubleshooting/errors#no-such-element-exception
Build info: version: '4.20.0', revision: '866c76ca80'
System info: os.name: 'Mac OS X', os.arch: 'x86_64', os.version: '14.5', java.version: '17.0.9'
Driver info: org.openqa.selenium.chrome.ChromeDriver
Command: [cadf175c8dd542e20e25402f2f1a06c6, findElement {value=woocommerce-MyAccount-content, using=class name}]
Capabilities {acceptInsecureCerts: false, browserName: chrome, browserVersion: 126.0.6478.127, chrome: {chromedriverVersion: 126.0.6478.126 (d36ace6122e..., userDataDir: /var/folders/h7/59gh0f351jn...}, fedcm:accounts: true, goog:chromeOptions: {debuggerAddress: localhost:61684}, networkConnectionEnabled: false, pageLoadStrategy: normal, platformName: mac, proxy: Proxy(), se:cdp: ws://localhost:61684/devtoo..., se:cdpVersion: 126.0.6478.127, setWindowRect: true, strictFileInteractability: false, timeouts: {implicit: 0, pageLoad: 300000, script: 30000}, unhandledPromptBehavior: dismiss and notify, webauthn:extension:credBlob: true, webauthn:extension:largeBlob: true, webauthn:extension:minPinLength: true, webauthn:extension:prf: true, webauthn:virtualAuthenticators: true}
Session ID: cadf175c8dd542e20e25402f2f1a06c6
09:34:43.020 [main] ERROR framework.utils.Log - ++++++++++++++++++++++++++++++++++++++++++++++
